#! /usr/bin/vvp
:ivl_version "10.3 (stable)";
:ivl_delay_selection "TYPICAL";
:vpi_time_precision + 0;
:vpi_module "system";
:vpi_module "vhdl_sys";
:vpi_module "v2005_math";
:vpi_module "va_math";
S_0x5579fcc190d0 .scope module, "Guia_0105" "Guia_0105" 2 1;
 .timescale 0 0;
v0x5579fcc3ed70_0 .var "b", 7 0;
v0x5579fcc63ab0_0 .var "p", 47 0;
v0x5579fcc63b70_0 .var "q", 23 0;
v0x5579fcc63c70_0 .var "s", 23 0;
v0x5579fcc63d60_0 .var/i "x", 31 0;
S_0x5579fcc19270 .scope begin, "main" "main" 2 10, 2 10 0, S_0x5579fcc190d0;
 .timescale 0 0;
    .scope S_0x5579fcc190d0;
T_0 ;
    %pushi/vec4 13, 0, 32;
    %store/vec4 v0x5579fcc63d60_0, 0, 32;
    %pushi/vec4 5264707, 0, 24; draw_string_vec4
    %store/vec4 v0x5579fcc63c70_0, 0, 24;
    %pushi/vec4 80, 0, 32; draw_string_vec4
    %pushi/vec4 21827, 0, 16; draw_string_vec4
    %concat/vec4; draw_string_vec4
    %store/vec4 v0x5579fcc63ab0_0, 0, 48;
    %pushi/vec4 7233907, 0, 24;
    %store/vec4 v0x5579fcc63b70_0, 0, 24;
    %end;
    .thread T_0;
    .scope S_0x5579fcc190d0;
T_1 ;
    %fork t_1, S_0x5579fcc19270;
    %jmp t_0;
    .scope S_0x5579fcc19270;
t_1 ;
    %vpi_call 2 11 "$display", "Guia_0105 - Tests" {0 0 0};
    %vpi_call 2 12 "$display", "x = %d", v0x5579fcc63d60_0 {0 0 0};
    %vpi_call 2 13 "$display", "b = %8b", v0x5579fcc3ed70_0 {0 0 0};
    %vpi_call 2 14 "$display", "s = %s", v0x5579fcc63c70_0 {0 0 0};
    %vpi_call 2 15 "$display", "p = %s", v0x5579fcc63ab0_0 {0 0 0};
    %load/vec4 v0x5579fcc63d60_0;
    %pad/s 8;
    %store/vec4 v0x5579fcc3ed70_0, 0, 8;
    %vpi_call 2 17 "$display", "b = [%2b] [%2b] [%2b] [%2b] = %h %h %h %h", &PV<v0x5579fcc3ed70_0, 6, 2>, &PV<v0x5579fcc3ed70_0, 4, 2>, &PV<v0x5579fcc3ed70_0, 2, 2>, &PV<v0x5579fcc3ed70_0, 0, 2>, &PV<v0x5579fcc3ed70_0, 6, 2>, &PV<v0x5579fcc3ed70_0, 4, 2>, &PV<v0x5579fcc3ed70_0, 2, 2>, &PV<v0x5579fcc3ed70_0, 0, 2> {0 0 0};
    %pushi/vec4 45, 0, 8; draw_string_vec4
    %ix/load 4, 16, 0;
    %flag_set/imm 4, 0;
    %store/vec4 v0x5579fcc63c70_0, 4, 8;
    %pushi/vec4 77, 0, 8;
    %ix/load 4, 8, 0;
    %flag_set/imm 4, 0;
    %store/vec4 v0x5579fcc63c70_0, 4, 8;
    %pushi/vec4 71, 0, 8;
    %ix/load 4, 0, 0;
    %flag_set/imm 4, 0;
    %store/vec4 v0x5579fcc63c70_0, 4, 8;
    %pushi/vec4 66, 0, 8;
    %ix/load 4, 40, 0;
    %flag_set/imm 4, 0;
    %store/vec4 v0x5579fcc63ab0_0, 4, 8;
    %pushi/vec4 46, 0, 8;
    %ix/load 4, 32, 0;
    %flag_set/imm 4, 0;
    %store/vec4 v0x5579fcc63ab0_0, 4, 8;
    %pushi/vec4 72, 0, 8;
    %ix/load 4, 24, 0;
    %flag_set/imm 4, 0;
    %store/vec4 v0x5579fcc63ab0_0, 4, 8;
    %pushi/vec4 116, 0, 8;
    %ix/load 4, 16, 0;
    %flag_set/imm 4, 0;
    %store/vec4 v0x5579fcc63ab0_0, 4, 8;
    %pushi/vec4 101, 0, 8;
    %ix/load 4, 8, 0;
    %flag_set/imm 4, 0;
    %store/vec4 v0x5579fcc63ab0_0, 4, 8;
    %pushi/vec4 46, 0, 8;
    %ix/load 4, 0, 0;
    %flag_set/imm 4, 0;
    %store/vec4 v0x5579fcc63ab0_0, 4, 8;
    %vpi_call 2 27 "$display", "s = %s", v0x5579fcc63c70_0 {0 0 0};
    %vpi_call 2 28 "$display", "p = %s", v0x5579fcc63ab0_0 {0 0 0};
    %end;
    .scope S_0x5579fcc190d0;
t_0 %join;
    %end;
    .thread T_1;
# The file index is used to find the file name in the following table.
:file_names 3;
    "N/A";
    "<interactive>";
    "guia-0105-b.v";
