#! /usr/bin/vvp
:ivl_version "10.3 (stable)";
:ivl_delay_selection "TYPICAL";
:vpi_time_precision + 0;
:vpi_module "system";
:vpi_module "vhdl_sys";
:vpi_module "v2005_math";
:vpi_module "va_math";
S_0x5595ef5d50d0 .scope module, "Guia_0104" "Guia_0104" 2 1;
 .timescale 0 0;
v0x5595ef5d5270_0 .var "a", 7 0;
v0x5595ef624340_0 .var "b", 7 0;
v0x5595ef624420_0 .var "c", 7 0;
v0x5595ef6244e0_0 .var "d", 7 0;
v0x5595ef6245c0_0 .var/i "dec", 31 0;
v0x5595ef6246a0_0 .var "e", 7 0;
v0x5595ef624780_0 .var "x", 7 0;
    .scope S_0x5595ef5d50d0;
T_0 ;
    %pushi/vec4 0, 0, 8;
    %store/vec4 v0x5595ef624780_0, 0, 8;
    %pushi/vec4 0, 0, 32;
    %store/vec4 v0x5595ef6245c0_0, 0, 32;
    %pushi/vec4 19, 0, 8;
    %store/vec4 v0x5595ef5d5270_0, 0, 8;
    %pushi/vec4 29, 0, 8;
    %store/vec4 v0x5595ef624340_0, 0, 8;
    %pushi/vec4 41, 0, 8;
    %store/vec4 v0x5595ef624420_0, 0, 8;
    %pushi/vec4 53, 0, 8;
    %store/vec4 v0x5595ef6244e0_0, 0, 8;
    %pushi/vec4 57, 0, 8;
    %store/vec4 v0x5595ef6246a0_0, 0, 8;
    %end;
    .thread T_0;
    .scope S_0x5595ef5d50d0;
T_1 ;
    %vpi_call 2 11 "$display", "Guia_0104 - Tests" {0 0 0};
    %vpi_call 2 13 "$display", "a = %8b", v0x5595ef5d5270_0 {0 0 0};
    %load/vec4 v0x5595ef5d5270_0;
    %store/vec4 v0x5595ef624780_0, 0, 8;
    %vpi_call 2 15 "$display", "x = [%2b] [%2b] [%2b] [%2b] = %x %x %x %x", &PV<v0x5595ef624780_0, 6, 2>, &PV<v0x5595ef624780_0, 4, 2>, &PV<v0x5595ef624780_0, 2, 2>, &PV<v0x5595ef624780_0, 0, 2>, &PV<v0x5595ef624780_0, 6, 2>, &PV<v0x5595ef624780_0, 4, 2>, &PV<v0x5595ef624780_0, 2, 2>, &PV<v0x5595ef624780_0, 0, 2> {0 0 0};
    %vpi_call 2 17 "$display", "b = %8b", v0x5595ef624340_0 {0 0 0};
    %load/vec4 v0x5595ef624340_0;
    %store/vec4 v0x5595ef624780_0, 0, 8;
    %vpi_call 2 19 "$display", "x = [%2b] [%3b] [%3b] = %x %x %x", &PV<v0x5595ef624780_0, 6, 2>, &PV<v0x5595ef624780_0, 3, 3>, &PV<v0x5595ef624780_0, 0, 3>, &PV<v0x5595ef624780_0, 6, 2>, &PV<v0x5595ef624780_0, 3, 3>, &PV<v0x5595ef624780_0, 0, 3> {0 0 0};
    %vpi_call 2 21 "$display", "c = %8b", v0x5595ef624420_0 {0 0 0};
    %load/vec4 v0x5595ef624420_0;
    %store/vec4 v0x5595ef624780_0, 0, 8;
    %vpi_call 2 23 "$display", "x = [%4b] [%4b] = %x %x", &PV<v0x5595ef624780_0, 4, 4>, &PV<v0x5595ef624780_0, 0, 4>, &PV<v0x5595ef624780_0, 4, 4>, &PV<v0x5595ef624780_0, 0, 4> {0 0 0};
    %vpi_call 2 25 "$display", "d = %8b", v0x5595ef6244e0_0 {0 0 0};
    %load/vec4 v0x5595ef6244e0_0;
    %store/vec4 v0x5595ef624780_0, 0, 8;
    %vpi_call 2 27 "$display", "x = [%2b] [%3b] [%3b] = %x %x %x", &PV<v0x5595ef624780_0, 6, 2>, &PV<v0x5595ef624780_0, 3, 3>, &PV<v0x5595ef624780_0, 0, 3>, &PV<v0x5595ef624780_0, 6, 2>, &PV<v0x5595ef624780_0, 3, 3>, &PV<v0x5595ef624780_0, 0, 3> {0 0 0};
    %vpi_call 2 29 "$display", "e = %8b", v0x5595ef6246a0_0 {0 0 0};
    %load/vec4 v0x5595ef6246a0_0;
    %store/vec4 v0x5595ef624780_0, 0, 8;
    %vpi_call 2 31 "$display", "x = [%2b] [%2b] [%2b] [%2b] = %x %x %x %x", &PV<v0x5595ef624780_0, 6, 2>, &PV<v0x5595ef624780_0, 4, 2>, &PV<v0x5595ef624780_0, 2, 2>, &PV<v0x5595ef624780_0, 0, 2>, &PV<v0x5595ef624780_0, 6, 2>, &PV<v0x5595ef624780_0, 4, 2>, &PV<v0x5595ef624780_0, 2, 2>, &PV<v0x5595ef624780_0, 0, 2> {0 0 0};
    %vpi_call 2 32 "$finish" {0 0 0};
    %end;
    .thread T_1;
# The file index is used to find the file name in the following table.
:file_names 3;
    "N/A";
    "<interactive>";
    "guia-0104-b.v";
