#! /usr/bin/vvp
:ivl_version "10.3 (stable)";
:ivl_delay_selection "TYPICAL";
:vpi_time_precision + 0;
:vpi_module "system";
:vpi_module "vhdl_sys";
:vpi_module "v2005_math";
:vpi_module "va_math";
S_0x55fb8923d420 .scope module, "Guia_0201" "Guia_0201" 2 5;
 .timescale 0 0;
v0x55fb89249dd0_0 .var "a", 15 0;
v0x55fb8926cca0_0 .var "b", 15 0;
v0x55fb8926cd80_0 .var "c", 15 0;
v0x55fb8926ce70_0 .var "d", 15 0;
v0x55fb8926cf50_0 .var "e", 15 0;
v0x55fb8926d030_0 .var/real "power2", 0 0;
v0x55fb8926d0f0_0 .var/real "x", 0 0;
v0x55fb8926d1b0_0 .var/i "y", 31 0;
S_0x55fb89249c50 .scope begin, "main" "main" 2 16, 2 16 0, S_0x55fb8923d420;
 .timescale 0 0;
S_0x55fb8923d5a0 .scope module, "Guia_0202" "Guia_0202" 2 90;
 .timescale 0 0;
v0x55fb8926d430_0 .var/real "a", 0 0;
v0x55fb8926d510_0 .var "b", 7 0;
v0x55fb8926d5f0_0 .var/real "c", 0 0;
v0x55fb8926d690_0 .var/real "d", 0 0;
v0x55fb8926d750_0 .var/real "e", 0 0;
v0x55fb8926d860_0 .var/real "x", 0 0;
v0x55fb8926d920_0 .var/i "y", 31 0;
S_0x55fb8926d290 .scope begin, "main" "main" 2 100, 2 100 0, S_0x55fb8923d5a0;
 .timescale 0 0;
S_0x55fb89249ad0 .scope module, "Guia_0203" "Guia_0203" 2 201;
 .timescale 0 0;
v0x55fb8926dbf0_0 .var "a", 7 0;
v0x55fb8926dcf0_0 .var "b", 7 0;
v0x55fb8926ddd0_0 .var "c", 7 0;
v0x55fb8926de90_0 .var "d", 7 0;
v0x55fb8926df70_0 .var "d2", 3 0;
v0x55fb8926e0a0_0 .var "e", 7 0;
v0x55fb8926e180_0 .var "e2", 3 0;
S_0x55fb8926da00 .scope begin, "main" "main" 2 214, 2 214 0, S_0x55fb89249ad0;
 .timescale 0 0;
    .scope S_0x55fb8923d420;
T_0 ;
    %pushi/real 0, 4065; load=0.00000
    %store/real v0x55fb8926d0f0_0;
    %pushi/real 1073741824, 4066; load=1.00000
    %store/real v0x55fb8926d030_0;
    %pushi/vec4 7, 0, 32;
    %store/vec4 v0x55fb8926d1b0_0, 0, 32;
    %pushi/vec4 168, 0, 16;
    %store/vec4 v0x55fb89249dd0_0, 0, 16;
    %pushi/vec4 104, 0, 16;
    %store/vec4 v0x55fb8926cca0_0, 0, 16;
    %pushi/vec4 232, 0, 16;
    %store/vec4 v0x55fb8926cd80_0, 0, 16;
    %pushi/vec4 440, 0, 16;
    %store/vec4 v0x55fb8926ce70_0, 0, 16;
    %pushi/vec4 1008, 0, 16;
    %store/vec4 v0x55fb8926cf50_0, 0, 16;
    %end;
    .thread T_0;
    .scope S_0x55fb8923d420;
T_1 ;
    %fork t_1, S_0x55fb89249c50;
    %jmp t_0;
    .scope S_0x55fb89249c50;
t_1 ;
    %vpi_call 2 17 "$display", "Guia_0201 - Tests" {0 0 0};
T_1.0 ;
    %pushi/vec4 0, 0, 32;
    %load/vec4 v0x55fb8926d1b0_0;
    %cmp/s;
    %flag_or 5, 4;
    %jmp/0xz T_1.1, 5;
    %load/real v0x55fb8926d030_0;
    %pushi/real 1073741824, 4067; load=2.00000
    %div/wr;
    %store/real v0x55fb8926d030_0;
    %load/vec4 v0x55fb89249dd0_0;
    %load/vec4 v0x55fb8926d1b0_0;
    %part/s 1;
    %pad/u 32;
    %cmpi/e 1, 0, 32;
    %jmp/0xz  T_1.2, 4;
    %load/real v0x55fb8926d0f0_0;
    %load/real v0x55fb8926d030_0;
    %add/wr;
    %store/real v0x55fb8926d0f0_0;
T_1.2 ;
    %load/vec4 v0x55fb8926d1b0_0;
    %subi 1, 0, 32;
    %store/vec4 v0x55fb8926d1b0_0, 0, 32;
    %jmp T_1.0;
T_1.1 ;
    %load/vec4 v0x55fb8926cca0_0;
    %parti/s 8, 8, 5;
    %ix/vec4 4;
    %cvt/ru 4;
    %load/real v0x55fb8926d0f0_0;
    %add/wr;
    %vpi_call 2 28 "$display", "a = %f", W<0,r> {0 1 0};
    %pushi/real 0, 4065; load=0.00000
    %store/real v0x55fb8926d0f0_0;
    %pushi/vec4 7, 0, 32;
    %store/vec4 v0x55fb8926d1b0_0, 0, 32;
    %pushi/real 1073741824, 4066; load=1.00000
    %store/real v0x55fb8926d030_0;
T_1.4 ;
    %pushi/vec4 0, 0, 32;
    %load/vec4 v0x55fb8926d1b0_0;
    %cmp/s;
    %flag_or 5, 4;
    %jmp/0xz T_1.5, 5;
    %load/real v0x55fb8926d030_0;
    %pushi/real 1073741824, 4067; load=2.00000
    %div/wr;
    %store/real v0x55fb8926d030_0;
    %load/vec4 v0x55fb8926cca0_0;
    %load/vec4 v0x55fb8926d1b0_0;
    %part/s 1;
    %pad/u 32;
    %cmpi/e 1, 0, 32;
    %jmp/0xz  T_1.6, 4;
    %load/real v0x55fb8926d0f0_0;
    %load/real v0x55fb8926d030_0;
    %add/wr;
    %store/real v0x55fb8926d0f0_0;
T_1.6 ;
    %load/vec4 v0x55fb8926d1b0_0;
    %subi 1, 0, 32;
    %store/vec4 v0x55fb8926d1b0_0, 0, 32;
    %jmp T_1.4;
T_1.5 ;
    %load/vec4 v0x55fb8926cca0_0;
    %parti/s 8, 8, 5;
    %ix/vec4 4;
    %cvt/ru 4;
    %load/real v0x55fb8926d0f0_0;
    %add/wr;
    %vpi_call 2 42 "$display", "b = %f", W<0,r> {0 1 0};
    %pushi/real 0, 4065; load=0.00000
    %store/real v0x55fb8926d0f0_0;
    %pushi/vec4 7, 0, 32;
    %store/vec4 v0x55fb8926d1b0_0, 0, 32;
    %pushi/real 1073741824, 4066; load=1.00000
    %store/real v0x55fb8926d030_0;
T_1.8 ;
    %pushi/vec4 0, 0, 32;
    %load/vec4 v0x55fb8926d1b0_0;
    %cmp/s;
    %flag_or 5, 4;
    %jmp/0xz T_1.9, 5;
    %load/real v0x55fb8926d030_0;
    %pushi/real 1073741824, 4067; load=2.00000
    %div/wr;
    %store/real v0x55fb8926d030_0;
    %load/vec4 v0x55fb8926cd80_0;
    %load/vec4 v0x55fb8926d1b0_0;
    %part/s 1;
    %pad/u 32;
    %cmpi/e 1, 0, 32;
    %jmp/0xz  T_1.10, 4;
    %load/real v0x55fb8926d0f0_0;
    %load/real v0x55fb8926d030_0;
    %add/wr;
    %store/real v0x55fb8926d0f0_0;
T_1.10 ;
    %load/vec4 v0x55fb8926d1b0_0;
    %subi 1, 0, 32;
    %store/vec4 v0x55fb8926d1b0_0, 0, 32;
    %jmp T_1.8;
T_1.9 ;
    %load/vec4 v0x55fb8926cca0_0;
    %parti/s 8, 8, 5;
    %ix/vec4 4;
    %cvt/ru 4;
    %load/real v0x55fb8926d0f0_0;
    %add/wr;
    %vpi_call 2 56 "$display", "c = %f", W<0,r> {0 1 0};
    %pushi/real 0, 4065; load=0.00000
    %store/real v0x55fb8926d0f0_0;
    %pushi/vec4 7, 0, 32;
    %store/vec4 v0x55fb8926d1b0_0, 0, 32;
    %pushi/real 1073741824, 4066; load=1.00000
    %store/real v0x55fb8926d030_0;
T_1.12 ;
    %pushi/vec4 0, 0, 32;
    %load/vec4 v0x55fb8926d1b0_0;
    %cmp/s;
    %flag_or 5, 4;
    %jmp/0xz T_1.13, 5;
    %load/real v0x55fb8926d030_0;
    %pushi/real 1073741824, 4067; load=2.00000
    %div/wr;
    %store/real v0x55fb8926d030_0;
    %load/vec4 v0x55fb8926ce70_0;
    %load/vec4 v0x55fb8926d1b0_0;
    %part/s 1;
    %pad/u 32;
    %cmpi/e 1, 0, 32;
    %jmp/0xz  T_1.14, 4;
    %load/real v0x55fb8926d0f0_0;
    %load/real v0x55fb8926d030_0;
    %add/wr;
    %store/real v0x55fb8926d0f0_0;
T_1.14 ;
    %load/vec4 v0x55fb8926d1b0_0;
    %subi 1, 0, 32;
    %store/vec4 v0x55fb8926d1b0_0, 0, 32;
    %jmp T_1.12;
T_1.13 ;
    %load/vec4 v0x55fb8926cca0_0;
    %parti/s 8, 8, 5;
    %ix/vec4 4;
    %cvt/ru 4;
    %load/real v0x55fb8926d0f0_0;
    %add/wr;
    %vpi_call 2 70 "$display", "d = %f", W<0,r> {0 1 0};
    %pushi/real 0, 4065; load=0.00000
    %store/real v0x55fb8926d0f0_0;
    %pushi/vec4 7, 0, 32;
    %store/vec4 v0x55fb8926d1b0_0, 0, 32;
    %pushi/real 1073741824, 4066; load=1.00000
    %store/real v0x55fb8926d030_0;
T_1.16 ;
    %pushi/vec4 0, 0, 32;
    %load/vec4 v0x55fb8926d1b0_0;
    %cmp/s;
    %flag_or 5, 4;
    %jmp/0xz T_1.17, 5;
    %load/real v0x55fb8926d030_0;
    %pushi/real 1073741824, 4067; load=2.00000
    %div/wr;
    %store/real v0x55fb8926d030_0;
    %load/vec4 v0x55fb8926cf50_0;
    %load/vec4 v0x55fb8926d1b0_0;
    %part/s 1;
    %pad/u 32;
    %cmpi/e 1, 0, 32;
    %jmp/0xz  T_1.18, 4;
    %load/real v0x55fb8926d0f0_0;
    %load/real v0x55fb8926d030_0;
    %add/wr;
    %store/real v0x55fb8926d0f0_0;
T_1.18 ;
    %load/vec4 v0x55fb8926d1b0_0;
    %subi 1, 0, 32;
    %store/vec4 v0x55fb8926d1b0_0, 0, 32;
    %jmp T_1.16;
T_1.17 ;
    %load/vec4 v0x55fb8926cca0_0;
    %parti/s 8, 8, 5;
    %ix/vec4 4;
    %cvt/ru 4;
    %load/real v0x55fb8926d0f0_0;
    %add/wr;
    %vpi_call 2 84 "$display", "e = %f", W<0,r> {0 1 0};
    %end;
    .scope S_0x55fb8923d420;
t_0 %join;
    %end;
    .thread T_1;
    .scope S_0x55fb8923d5a0;
T_2 ;
    %pushi/real 1342177280, 4065; load=0.625000
    %store/real v0x55fb8926d430_0;
    %pushi/real 1207959552, 4066; load=1.12500
    %store/real v0x55fb8926d860_0;
    %pushi/real 1107296256, 4066; load=1.03125
    %store/real v0x55fb8926d5f0_0;
    %pushi/real 2080374784, 4067; load=3.87500
    %store/real v0x55fb8926d690_0;
    %pushi/real 1526726656, 4069; load=11.3750
    %store/real v0x55fb8926d750_0;
    %pushi/vec4 7, 0, 32;
    %store/vec4 v0x55fb8926d920_0, 0, 32;
    %pushi/vec4 0, 0, 8;
    %store/vec4 v0x55fb8926d510_0, 0, 8;
    %end;
    .thread T_2;
    .scope S_0x55fb8923d5a0;
T_3 ;
    %fork t_3, S_0x55fb8926d290;
    %jmp t_2;
    .scope S_0x55fb8926d290;
t_3 ;
    %vpi_call 2 101 "$display", "Guia_0202 " {0 0 0};
    %vpi_call 2 102 "$display", "a = %f", v0x55fb8926d430_0 {0 0 0};
T_3.0 ;
    %pushi/vec4 0, 0, 32;
    %ix/vec4/s 4;
    %cvt/rs 4;
    %load/real v0x55fb8926d430_0;
    %cmp/wr;
    %flag_get/vec4 5;
    %pushi/vec4 0, 0, 32;
    %load/vec4 v0x55fb8926d920_0;
    %cmp/s;
    %flag_get/vec4 4;
    %flag_get/vec4 5;
    %or;
    %and;
    %flag_set/vec4 8;
    %jmp/0xz T_3.1, 8;
    %pushi/vec4 1, 0, 32;
    %ix/vec4/s 4;
    %cvt/rs 4;
    %load/real v0x55fb8926d430_0;
    %pushi/vec4 2, 0, 32;
    %ix/vec4/s 4;
    %cvt/rs 4;
    %mul/wr;
    %cmp/wr;
    %flag_or 5, 4;
    %jmp/0xz  T_3.2, 5;
    %pushi/vec4 1, 0, 1;
    %ix/getv/s 4, v0x55fb8926d920_0;
    %store/vec4 v0x55fb8926d510_0, 4, 1;
    %load/real v0x55fb8926d430_0;
    %pushi/real 1073741824, 4067; load=2.00000
    %mul/wr;
    %pushi/real 1073741824, 4066; load=1.00000
    %sub/wr;
    %store/real v0x55fb8926d430_0;
    %jmp T_3.3;
T_3.2 ;
    %pushi/vec4 0, 0, 1;
    %ix/getv/s 4, v0x55fb8926d920_0;
    %store/vec4 v0x55fb8926d510_0, 4, 1;
    %load/real v0x55fb8926d430_0;
    %pushi/real 1073741824, 4067; load=2.00000
    %mul/wr;
    %store/real v0x55fb8926d430_0;
T_3.3 ;
    %vpi_call 2 115 "$display", "b = 0.%8b", v0x55fb8926d510_0 {0 0 0};
    %load/vec4 v0x55fb8926d920_0;
    %subi 1, 0, 32;
    %store/vec4 v0x55fb8926d920_0, 0, 32;
    %jmp T_3.0;
T_3.1 ;
    %pushi/vec4 7, 0, 32;
    %store/vec4 v0x55fb8926d920_0, 0, 32;
    %pushi/vec4 0, 0, 8;
    %store/vec4 v0x55fb8926d510_0, 0, 8;
    %vpi_call 2 121 "$display", "x = %f", v0x55fb8926d860_0 {0 0 0};
T_3.4 ;
    %pushi/vec4 0, 0, 32;
    %ix/vec4/s 4;
    %cvt/rs 4;
    %load/real v0x55fb8926d860_0;
    %cmp/wr;
    %flag_get/vec4 5;
    %pushi/vec4 0, 0, 32;
    %load/vec4 v0x55fb8926d920_0;
    %cmp/s;
    %flag_get/vec4 4;
    %flag_get/vec4 5;
    %or;
    %and;
    %flag_set/vec4 8;
    %jmp/0xz T_3.5, 8;
    %pushi/vec4 1, 0, 32;
    %ix/vec4/s 4;
    %cvt/rs 4;
    %load/real v0x55fb8926d860_0;
    %pushi/vec4 2, 0, 32;
    %ix/vec4/s 4;
    %cvt/rs 4;
    %mul/wr;
    %cmp/wr;
    %flag_or 5, 4;
    %jmp/0xz  T_3.6, 5;
    %pushi/vec4 1, 0, 1;
    %ix/getv/s 4, v0x55fb8926d920_0;
    %store/vec4 v0x55fb8926d510_0, 4, 1;
    %load/real v0x55fb8926d860_0;
    %pushi/real 1073741824, 4067; load=2.00000
    %mul/wr;
    %pushi/real 1073741824, 4066; load=1.00000
    %sub/wr;
    %store/real v0x55fb8926d860_0;
    %jmp T_3.7;
T_3.6 ;
    %pushi/vec4 0, 0, 1;
    %ix/getv/s 4, v0x55fb8926d920_0;
    %store/vec4 v0x55fb8926d510_0, 4, 1;
    %load/real v0x55fb8926d860_0;
    %pushi/real 1073741824, 4067; load=2.00000
    %mul/wr;
    %store/real v0x55fb8926d860_0;
T_3.7 ;
    %vpi_call 2 134 "$display", "b = 0.%8b", v0x55fb8926d510_0 {0 0 0};
    %load/vec4 v0x55fb8926d920_0;
    %subi 1, 0, 32;
    %store/vec4 v0x55fb8926d920_0, 0, 32;
    %jmp T_3.4;
T_3.5 ;
    %pushi/vec4 7, 0, 32;
    %store/vec4 v0x55fb8926d920_0, 0, 32;
    %pushi/vec4 0, 0, 8;
    %store/vec4 v0x55fb8926d510_0, 0, 8;
    %vpi_call 2 140 "$display", "c = %f", v0x55fb8926d5f0_0 {0 0 0};
T_3.8 ;
    %pushi/vec4 0, 0, 32;
    %ix/vec4/s 4;
    %cvt/rs 4;
    %load/real v0x55fb8926d5f0_0;
    %cmp/wr;
    %flag_get/vec4 5;
    %pushi/vec4 0, 0, 32;
    %load/vec4 v0x55fb8926d920_0;
    %cmp/s;
    %flag_get/vec4 4;
    %flag_get/vec4 5;
    %or;
    %and;
    %flag_set/vec4 8;
    %jmp/0xz T_3.9, 8;
    %pushi/vec4 1, 0, 32;
    %ix/vec4/s 4;
    %cvt/rs 4;
    %load/real v0x55fb8926d5f0_0;
    %pushi/vec4 2, 0, 32;
    %ix/vec4/s 4;
    %cvt/rs 4;
    %mul/wr;
    %cmp/wr;
    %flag_or 5, 4;
    %jmp/0xz  T_3.10, 5;
    %pushi/vec4 1, 0, 1;
    %ix/getv/s 4, v0x55fb8926d920_0;
    %store/vec4 v0x55fb8926d510_0, 4, 1;
    %load/real v0x55fb8926d5f0_0;
    %pushi/real 1073741824, 4067; load=2.00000
    %mul/wr;
    %pushi/real 1073741824, 4066; load=1.00000
    %sub/wr;
    %store/real v0x55fb8926d5f0_0;
    %jmp T_3.11;
T_3.10 ;
    %pushi/vec4 0, 0, 1;
    %ix/getv/s 4, v0x55fb8926d920_0;
    %store/vec4 v0x55fb8926d510_0, 4, 1;
    %load/real v0x55fb8926d5f0_0;
    %pushi/real 1073741824, 4067; load=2.00000
    %mul/wr;
    %store/real v0x55fb8926d5f0_0;
T_3.11 ;
    %vpi_call 2 153 "$display", "b = 0.%8b", v0x55fb8926d510_0 {0 0 0};
    %load/vec4 v0x55fb8926d920_0;
    %subi 1, 0, 32;
    %store/vec4 v0x55fb8926d920_0, 0, 32;
    %jmp T_3.8;
T_3.9 ;
    %pushi/vec4 7, 0, 32;
    %store/vec4 v0x55fb8926d920_0, 0, 32;
    %pushi/vec4 0, 0, 8;
    %store/vec4 v0x55fb8926d510_0, 0, 8;
    %vpi_call 2 159 "$display", "d = %f", v0x55fb8926d690_0 {0 0 0};
T_3.12 ;
    %pushi/vec4 0, 0, 32;
    %ix/vec4/s 4;
    %cvt/rs 4;
    %load/real v0x55fb8926d690_0;
    %cmp/wr;
    %flag_get/vec4 5;
    %pushi/vec4 0, 0, 32;
    %load/vec4 v0x55fb8926d920_0;
    %cmp/s;
    %flag_get/vec4 4;
    %flag_get/vec4 5;
    %or;
    %and;
    %flag_set/vec4 8;
    %jmp/0xz T_3.13, 8;
    %pushi/vec4 1, 0, 32;
    %ix/vec4/s 4;
    %cvt/rs 4;
    %load/real v0x55fb8926d690_0;
    %pushi/vec4 2, 0, 32;
    %ix/vec4/s 4;
    %cvt/rs 4;
    %mul/wr;
    %cmp/wr;
    %flag_or 5, 4;
    %jmp/0xz  T_3.14, 5;
    %pushi/vec4 1, 0, 1;
    %ix/getv/s 4, v0x55fb8926d920_0;
    %store/vec4 v0x55fb8926d510_0, 4, 1;
    %load/real v0x55fb8926d690_0;
    %pushi/real 1073741824, 4067; load=2.00000
    %mul/wr;
    %pushi/real 1073741824, 4066; load=1.00000
    %sub/wr;
    %store/real v0x55fb8926d690_0;
    %jmp T_3.15;
T_3.14 ;
    %pushi/vec4 0, 0, 1;
    %ix/getv/s 4, v0x55fb8926d920_0;
    %store/vec4 v0x55fb8926d510_0, 4, 1;
    %load/real v0x55fb8926d690_0;
    %pushi/real 1073741824, 4067; load=2.00000
    %mul/wr;
    %store/real v0x55fb8926d690_0;
T_3.15 ;
    %vpi_call 2 172 "$display", "b = 0.%8b", v0x55fb8926d510_0 {0 0 0};
    %load/vec4 v0x55fb8926d920_0;
    %subi 1, 0, 32;
    %store/vec4 v0x55fb8926d920_0, 0, 32;
    %jmp T_3.12;
T_3.13 ;
    %pushi/vec4 7, 0, 32;
    %store/vec4 v0x55fb8926d920_0, 0, 32;
    %pushi/vec4 0, 0, 8;
    %store/vec4 v0x55fb8926d510_0, 0, 8;
    %vpi_call 2 178 "$display", "e = %f", v0x55fb8926d750_0 {0 0 0};
T_3.16 ;
    %pushi/vec4 0, 0, 32;
    %ix/vec4/s 4;
    %cvt/rs 4;
    %load/real v0x55fb8926d750_0;
    %cmp/wr;
    %flag_get/vec4 5;
    %pushi/vec4 0, 0, 32;
    %load/vec4 v0x55fb8926d920_0;
    %cmp/s;
    %flag_get/vec4 4;
    %flag_get/vec4 5;
    %or;
    %and;
    %flag_set/vec4 8;
    %jmp/0xz T_3.17, 8;
    %pushi/vec4 1, 0, 32;
    %ix/vec4/s 4;
    %cvt/rs 4;
    %load/real v0x55fb8926d750_0;
    %pushi/vec4 2, 0, 32;
    %ix/vec4/s 4;
    %cvt/rs 4;
    %mul/wr;
    %cmp/wr;
    %flag_or 5, 4;
    %jmp/0xz  T_3.18, 5;
    %pushi/vec4 1, 0, 1;
    %ix/getv/s 4, v0x55fb8926d920_0;
    %store/vec4 v0x55fb8926d510_0, 4, 1;
    %load/real v0x55fb8926d750_0;
    %pushi/real 1073741824, 4067; load=2.00000
    %mul/wr;
    %pushi/real 1073741824, 4066; load=1.00000
    %sub/wr;
    %store/real v0x55fb8926d750_0;
    %jmp T_3.19;
T_3.18 ;
    %pushi/vec4 0, 0, 1;
    %ix/getv/s 4, v0x55fb8926d920_0;
    %store/vec4 v0x55fb8926d510_0, 4, 1;
    %load/real v0x55fb8926d750_0;
    %pushi/real 1073741824, 4067; load=2.00000
    %mul/wr;
    %store/real v0x55fb8926d750_0;
T_3.19 ;
    %vpi_call 2 191 "$display", "b = 0.%8b", v0x55fb8926d510_0 {0 0 0};
    %load/vec4 v0x55fb8926d920_0;
    %subi 1, 0, 32;
    %store/vec4 v0x55fb8926d920_0, 0, 32;
    %jmp T_3.16;
T_3.17 ;
    %end;
    .scope S_0x55fb8923d5a0;
t_2 %join;
    %end;
    .thread T_3;
    .scope S_0x55fb89249ad0;
T_4 ;
    %pushi/vec4 116, 0, 8;
    %store/vec4 v0x55fb8926dbf0_0, 0, 8;
    %pushi/vec4 148, 0, 8;
    %store/vec4 v0x55fb8926dcf0_0, 0, 8;
    %pushi/vec4 152, 0, 8;
    %store/vec4 v0x55fb8926ddd0_0, 0, 8;
    %pushi/vec4 204, 0, 8;
    %store/vec4 v0x55fb8926de90_0, 0, 8;
    %pushi/vec4 1, 0, 4;
    %store/vec4 v0x55fb8926df70_0, 0, 4;
    %pushi/vec4 208, 0, 8;
    %store/vec4 v0x55fb8926e0a0_0, 0, 8;
    %pushi/vec4 13, 0, 4;
    %store/vec4 v0x55fb8926e180_0, 0, 4;
    %end;
    .thread T_4;
    .scope S_0x55fb89249ad0;
T_5 ;
    %fork t_5, S_0x55fb8926da00;
    %jmp t_4;
    .scope S_0x55fb8926da00;
t_5 ;
    %vpi_call 2 215 "$display", "Guia_0203 - Tests" {0 0 0};
    %vpi_call 2 216 "$display", "a 0.%8b = 0.%d%d%d%d", v0x55fb8926dbf0_0, &PV<v0x55fb8926dbf0_0, 6, 2>, &PV<v0x55fb8926dbf0_0, 4, 2>, &PV<v0x55fb8926dbf0_0, 2, 2>, &PV<v0x55fb8926dbf0_0, 0, 2> {0 0 0};
    %vpi_call 2 217 "$display", "b 0.%8b = 0.%o%o", v0x55fb8926dcf0_0, &PV<v0x55fb8926dcf0_0, 5, 3>, &PV<v0x55fb8926dcf0_0, 2, 3> {0 0 0};
    %vpi_call 2 218 "$display", "c 0.%8b = 0.%o%o", v0x55fb8926ddd0_0, &PV<v0x55fb8926ddd0_0, 5, 3>, &PV<v0x55fb8926ddd0_0, 2, 3> {0 0 0};
    %vpi_call 2 219 "$display", "d %4b.%8b = %o.%o%o", v0x55fb8926df70_0, v0x55fb8926de90_0, v0x55fb8926df70_0, &PV<v0x55fb8926de90_0, 5, 3>, &PV<v0x55fb8926de90_0, 2, 3> {0 0 0};
    %end;
    .scope S_0x55fb89249ad0;
t_4 %join;
    %end;
    .thread T_5;
# The file index is used to find the file name in the following table.
:file_names 3;
    "N/A";
    "<interactive>";
    "guia-02.v";
