#! /usr/bin/vvp
:ivl_version "10.3 (stable)";
:ivl_delay_selection "TYPICAL";
:vpi_time_precision + 0;
:vpi_module "system";
:vpi_module "vhdl_sys";
:vpi_module "v2005_math";
:vpi_module "va_math";
S_0x55683ea241e0 .scope module, "Guia_0301" "Guia_0301" 2 4;
 .timescale 0 0;
v0x55683ea2bc50_0 .var "a", 7 0;
v0x55683ea52d90_0 .var "b", 6 0;
v0x55683ea52e70_0 .var "c", 5 0;
v0x55683ea52f30_0 .var "d", 7 0;
v0x55683ea53010_0 .var "e", 6 0;
v0x55683ea530f0_0 .var "f", 5 0;
S_0x55683ea2bad0 .scope begin, "main" "main" 2 13, 2 13 0, S_0x55683ea241e0;
 .timescale 0 0;
S_0x55683ea24360 .scope module, "Guia_0302" "Guia_0302" 2 27;
 .timescale 0 0;
v0x55683ea53370_0 .var "a", 7 0;
v0x55683ea53470_0 .var "b", 6 0;
v0x55683ea53550_0 .var "c", 5 0;
v0x55683ea53610_0 .var "d", 7 0;
v0x55683ea536f0_0 .var "e", 6 0;
v0x55683ea537d0_0 .var "f", 5 0;
S_0x55683ea531d0 .scope begin, "main" "main" 2 37, 2 37 0, S_0x55683ea24360;
 .timescale 0 0;
S_0x55683ea278b0 .scope module, "Guia_0303" "Guia_0303" 2 51;
 .timescale 0 0;
v0x55683ea53aa0_0 .var/s "a", 7 0;
v0x55683ea53ba0_0 .var/s "b", 6 0;
v0x55683ea53c80_0 .var/s "c", 5 0;
v0x55683ea53d40_0 .var/s "d", 7 0;
v0x55683ea53e20_0 .var/s "e", 6 0;
S_0x55683ea538b0 .scope begin, "main" "main" 2 60, 2 60 0, S_0x55683ea278b0;
 .timescale 0 0;
S_0x55683ea27a30 .scope module, "Guia_0304" "Guia_0304" 2 77;
 .timescale 0 0;
v0x55683ea54140_0 .var/s "a", 7 0;
v0x55683ea54240_0 .var/s "b", 6 0;
v0x55683ea54320_0 .var/s "c", 5 0;
v0x55683ea543e0_0 .var/s "d", 7 0;
v0x55683ea544c0_0 .var/s "e", 6 0;
v0x55683ea545f0_0 .var/s "f", 5 0;
S_0x55683ea53f50 .scope begin, "main" "main" 2 87, 2 87 0, S_0x55683ea27a30;
 .timescale 0 0;
S_0x55683ea2b950 .scope module, "Guia_0305" "Guia_0305" 2 106;
 .timescale 0 0;
v0x55683ea548c0_0 .var "a", 2 0;
v0x55683ea549c0_0 .var "b", 3 0;
v0x55683ea54aa0_0 .var "c", 4 0;
v0x55683ea54b60_0 .var "d", 4 0;
v0x55683ea54c40_0 .var "e", 6 0;
S_0x55683ea546d0 .scope begin, "main" "main" 2 115, 2 115 0, S_0x55683ea2b950;
 .timescale 0 0;
    .scope S_0x55683ea241e0;
T_0 ;
    %pushi/vec4 10, 0, 8;
    %store/vec4 v0x55683ea2bc50_0, 0, 8;
    %pushi/vec4 5, 0, 7;
    %store/vec4 v0x55683ea52d90_0, 0, 7;
    %pushi/vec4 5, 0, 6;
    %store/vec4 v0x55683ea52e70_0, 0, 6;
    %pushi/vec4 0, 0, 8;
    %store/vec4 v0x55683ea52f30_0, 0, 8;
    %pushi/vec4 0, 0, 7;
    %store/vec4 v0x55683ea53010_0, 0, 7;
    %pushi/vec4 0, 0, 6;
    %store/vec4 v0x55683ea530f0_0, 0, 6;
    %end;
    .thread T_0;
    .scope S_0x55683ea241e0;
T_1 ;
    %fork t_1, S_0x55683ea2bad0;
    %jmp t_0;
    .scope S_0x55683ea2bad0;
t_1 ;
    %vpi_call 2 14 "$display", "Guia_0301 - Tests" {0 0 0};
    %load/vec4 v0x55683ea2bc50_0;
    %inv;
    %addi 1, 0, 8;
    %store/vec4 v0x55683ea52f30_0, 0, 8;
    %load/vec4 v0x55683ea2bc50_0;
    %inv;
    %vpi_call 2 16 "$display", "a = %8b -> C1(a) = %8b -> C2(a) = %8b", v0x55683ea2bc50_0, S<0,vec4,u8>, v0x55683ea52f30_0 {1 0 0};
    %load/vec4 v0x55683ea52d90_0;
    %inv;
    %addi 1, 0, 7;
    %store/vec4 v0x55683ea53010_0, 0, 7;
    %load/vec4 v0x55683ea52d90_0;
    %inv;
    %vpi_call 2 18 "$display", "b = %7b -> C1(b) = %7b -> C2(b) = %7b", v0x55683ea52d90_0, S<0,vec4,u7>, v0x55683ea53010_0 {1 0 0};
    %load/vec4 v0x55683ea52e70_0;
    %inv;
    %addi 1, 0, 6;
    %store/vec4 v0x55683ea530f0_0, 0, 6;
    %load/vec4 v0x55683ea52e70_0;
    %inv;
    %vpi_call 2 20 "$display", "c = %6b -> C1(c) = %6b -> C2(c) = %6b", v0x55683ea52e70_0, S<0,vec4,u6>, v0x55683ea530f0_0 {1 0 0};
    %end;
    .scope S_0x55683ea241e0;
t_0 %join;
    %end;
    .thread T_1;
    .scope S_0x55683ea24360;
T_2 ;
    %pushi/vec4 10, 0, 8;
    %store/vec4 v0x55683ea53370_0, 0, 8;
    %pushi/vec4 13, 0, 7;
    %store/vec4 v0x55683ea53470_0, 0, 7;
    %pushi/vec4 13, 0, 6;
    %store/vec4 v0x55683ea53550_0, 0, 6;
    %pushi/vec4 0, 0, 8;
    %store/vec4 v0x55683ea53610_0, 0, 8;
    %pushi/vec4 0, 0, 7;
    %store/vec4 v0x55683ea536f0_0, 0, 7;
    %pushi/vec4 0, 0, 6;
    %store/vec4 v0x55683ea537d0_0, 0, 6;
    %end;
    .thread T_2;
    .scope S_0x55683ea24360;
T_3 ;
    %fork t_3, S_0x55683ea531d0;
    %jmp t_2;
    .scope S_0x55683ea531d0;
t_3 ;
    %vpi_call 2 38 "$display", "Guia_0302 - Tests" {0 0 0};
    %load/vec4 v0x55683ea53370_0;
    %inv;
    %addi 1, 0, 8;
    %store/vec4 v0x55683ea53610_0, 0, 8;
    %load/vec4 v0x55683ea53370_0;
    %inv;
    %vpi_call 2 40 "$display", "a = %8b -> C1(a) = %8b -> C2(a) = %8b", v0x55683ea53370_0, S<0,vec4,u8>, v0x55683ea53610_0 {1 0 0};
    %load/vec4 v0x55683ea53470_0;
    %inv;
    %addi 1, 0, 7;
    %store/vec4 v0x55683ea536f0_0, 0, 7;
    %load/vec4 v0x55683ea53470_0;
    %inv;
    %vpi_call 2 42 "$display", "b = %7b -> C1(b) = %7b -> C2(b) = %7b", v0x55683ea53470_0, S<0,vec4,u7>, v0x55683ea536f0_0 {1 0 0};
    %load/vec4 v0x55683ea53550_0;
    %inv;
    %addi 1, 0, 6;
    %store/vec4 v0x55683ea537d0_0, 0, 6;
    %load/vec4 v0x55683ea53550_0;
    %inv;
    %vpi_call 2 44 "$display", "c = %6b -> C1(c) = %6b -> C2(c) = %6b", v0x55683ea53550_0, S<0,vec4,u6>, v0x55683ea537d0_0 {1 0 0};
    %end;
    .scope S_0x55683ea24360;
t_2 %join;
    %end;
    .thread T_3;
    .scope S_0x55683ea278b0;
T_4 ;
    %pushi/vec4 250, 0, 8;
    %store/vec4 v0x55683ea53aa0_0, 0, 8;
    %pushi/vec4 125, 0, 7;
    %store/vec4 v0x55683ea53ba0_0, 0, 7;
    %pushi/vec4 62, 0, 6;
    %store/vec4 v0x55683ea53c80_0, 0, 6;
    %pushi/vec4 0, 0, 8;
    %store/vec4 v0x55683ea53d40_0, 0, 8;
    %pushi/vec4 0, 0, 7;
    %store/vec4 v0x55683ea53e20_0, 0, 7;
    %end;
    .thread T_4;
    .scope S_0x55683ea278b0;
T_5 ;
    %fork t_5, S_0x55683ea538b0;
    %jmp t_4;
    .scope S_0x55683ea538b0;
t_5 ;
    %vpi_call 2 61 "$display", "Guia_0303 - Tests" {0 0 0};
    %load/vec4 v0x55683ea53aa0_0;
    %inv;
    %addi 1, 0, 8;
    %store/vec4 v0x55683ea53d40_0, 0, 8;
    %load/vec4 v0x55683ea53aa0_0;
    %subi 1, 0, 8;
    %inv;
    %pad/s 7;
    %store/vec4 v0x55683ea53e20_0, 0, 7;
    %load/vec4 v0x55683ea53aa0_0;
    %inv;
    %vpi_call 2 64 "$display", "a = %8b -> C1(a) = %8b -> C2(a) = %8b = %d = %d", v0x55683ea53aa0_0, S<0,vec4,s8>, v0x55683ea53d40_0, v0x55683ea53d40_0, v0x55683ea53e20_0 {1 0 0};
    %load/vec4 v0x55683ea53ba0_0;
    %pad/s 8;
    %inv;
    %addi 1, 0, 8;
    %store/vec4 v0x55683ea53d40_0, 0, 8;
    %load/vec4 v0x55683ea53ba0_0;
    %subi 1, 0, 7;
    %inv;
    %store/vec4 v0x55683ea53e20_0, 0, 7;
    %load/vec4 v0x55683ea53ba0_0;
    %inv;
    %vpi_call 2 67 "$display", "b = %7b -> C1(b) = %7b -> C2(b) = %7b = %d = %d", v0x55683ea53ba0_0, S<0,vec4,s7>, v0x55683ea53d40_0, v0x55683ea53d40_0, v0x55683ea53e20_0 {1 0 0};
    %load/vec4 v0x55683ea53c80_0;
    %pad/s 8;
    %inv;
    %addi 1, 0, 8;
    %store/vec4 v0x55683ea53d40_0, 0, 8;
    %load/vec4 v0x55683ea53c80_0;
    %pad/s 7;
    %subi 1, 0, 7;
    %inv;
    %store/vec4 v0x55683ea53e20_0, 0, 7;
    %load/vec4 v0x55683ea53c80_0;
    %inv;
    %vpi_call 2 70 "$display", "c = %6b -> C1(c) = %6b -> C2(c) = %6b = %d = %d", v0x55683ea53c80_0, S<0,vec4,s6>, v0x55683ea53d40_0, v0x55683ea53d40_0, v0x55683ea53e20_0 {1 0 0};
    %end;
    .scope S_0x55683ea278b0;
t_4 %join;
    %end;
    .thread T_5;
    .scope S_0x55683ea27a30;
T_6 ;
    %pushi/vec4 250, 0, 8;
    %store/vec4 v0x55683ea54140_0, 0, 8;
    %pushi/vec4 125, 0, 7;
    %store/vec4 v0x55683ea54240_0, 0, 7;
    %pushi/vec4 6, 0, 6;
    %store/vec4 v0x55683ea54320_0, 0, 6;
    %pushi/vec4 0, 0, 8;
    %store/vec4 v0x55683ea543e0_0, 0, 8;
    %pushi/vec4 0, 0, 7;
    %store/vec4 v0x55683ea544c0_0, 0, 7;
    %pushi/vec4 0, 0, 6;
    %store/vec4 v0x55683ea545f0_0, 0, 6;
    %end;
    .thread T_6;
    .scope S_0x55683ea27a30;
T_7 ;
    %fork t_7, S_0x55683ea53f50;
    %jmp t_6;
    .scope S_0x55683ea53f50;
t_7 ;
    %vpi_call 2 88 "$display", "Guia_0304 - Tests" {0 0 0};
    %vpi_call 2 89 "$display", "a = %8b = %d", v0x55683ea54140_0, v0x55683ea54140_0 {0 0 0};
    %vpi_call 2 90 "$display", "b = %8b = %d", v0x55683ea54240_0, v0x55683ea54240_0 {0 0 0};
    %vpi_call 2 91 "$display", "c = %8b = %d", v0x55683ea54320_0, v0x55683ea54320_0 {0 0 0};
    %load/vec4 v0x55683ea54140_0;
    %load/vec4 v0x55683ea54240_0;
    %pad/s 8;
    %sub;
    %store/vec4 v0x55683ea543e0_0, 0, 8;
    %vpi_call 2 93 "$display", "d = a-b = %8b-%8b = %8b = %d", v0x55683ea54140_0, v0x55683ea54240_0, v0x55683ea543e0_0, v0x55683ea543e0_0 {0 0 0};
    %load/vec4 v0x55683ea54240_0;
    %pad/s 8;
    %load/vec4 v0x55683ea54140_0;
    %sub;
    %store/vec4 v0x55683ea543e0_0, 0, 8;
    %vpi_call 2 95 "$display", "d = b-a = %8b-%8b = %8b = %d", v0x55683ea54240_0, v0x55683ea54140_0, v0x55683ea543e0_0, v0x55683ea543e0_0 {0 0 0};
    %load/vec4 v0x55683ea54140_0;
    %load/vec4 v0x55683ea54320_0;
    %pad/s 8;
    %sub;
    %store/vec4 v0x55683ea543e0_0, 0, 8;
    %vpi_call 2 97 "$display", "d = a-c = %8b-%8b = %8b = %d", v0x55683ea54140_0, v0x55683ea54320_0, v0x55683ea543e0_0, v0x55683ea543e0_0 {0 0 0};
    %load/vec4 v0x55683ea54320_0;
    %pad/s 8;
    %load/vec4 v0x55683ea54140_0;
    %sub;
    %store/vec4 v0x55683ea543e0_0, 0, 8;
    %vpi_call 2 99 "$display", "d = c-a = %8b-%8b = %8b = %d", v0x55683ea54320_0, v0x55683ea54140_0, v0x55683ea543e0_0, v0x55683ea543e0_0 {0 0 0};
    %end;
    .scope S_0x55683ea27a30;
t_6 %join;
    %end;
    .thread T_7;
    .scope S_0x55683ea2b950;
T_8 ;
    %pushi/vec4 0, 0, 3;
    %store/vec4 v0x55683ea548c0_0, 0, 3;
    %pushi/vec4 0, 0, 4;
    %store/vec4 v0x55683ea549c0_0, 0, 4;
    %pushi/vec4 0, 0, 5;
    %store/vec4 v0x55683ea54aa0_0, 0, 5;
    %pushi/vec4 0, 0, 5;
    %store/vec4 v0x55683ea54b60_0, 0, 5;
    %pushi/vec4 0, 0, 7;
    %store/vec4 v0x55683ea54c40_0, 0, 7;
    %end;
    .thread T_8;
    .scope S_0x55683ea2b950;
T_9 ;
    %fork t_9, S_0x55683ea546d0;
    %jmp t_8;
    .scope S_0x55683ea546d0;
t_9 ;
    %vpi_call 2 116 "$display", "Guia_0305 - Tests" {0 0 0};
    %pushi/vec4 0, 0, 3;
    %store/vec4 v0x55683ea548c0_0, 0, 3;
    %pushi/vec4 2, 0, 4;
    %store/vec4 v0x55683ea549c0_0, 0, 4;
    %pushi/vec4 31, 0, 5;
    %store/vec4 v0x55683ea54aa0_0, 0, 5;
    %vpi_call 2 120 "$display", "\012Overflow" {0 0 0};
    %vpi_call 2 121 "$display", "a = %d = %3b = %d", 32'sb00000000000000000000000000001000, v0x55683ea548c0_0, v0x55683ea548c0_0 {0 0 0};
    %vpi_call 2 122 "$display", "b = %d = %4b = %d", 32'sb00000000000000000000000000100010, v0x55683ea549c0_0, v0x55683ea549c0_0 {0 0 0};
    %vpi_call 2 123 "$display", "c = %d = %5b = %d", 32'sb11111111111111111111111111011111, v0x55683ea54aa0_0, v0x55683ea54aa0_0 {0 0 0};
    %vpi_call 2 124 "$display", "\012Complements" {0 0 0};
    %vpi_call 2 125 "$display", "0= %d = %3b = %3b", 32'sb11111111111111111111111111111110, 32'sb00000000000000000000000000000000, 32'sb11111111111111111111111111111110 {0 0 0};
    %vpi_call 2 126 "$display", "1= %d = %3b = %3b", 32'sb11111111111111111111111111111111, 32'sb00000000000000000000000000000001, 32'sb11111111111111111111111111111111 {0 0 0};
    %vpi_call 2 127 "$display", "2= %d = %3b = %3b", 32'sb00000000000000000000000000000010, 32'sb00000000000000000000000000000010, 32'sb11111111111111111111111111111110 {0 0 0};
    %end;
    .scope S_0x55683ea2b950;
t_8 %join;
    %end;
    .thread T_9;
# The file index is used to find the file name in the following table.
:file_names 3;
    "N/A";
    "<interactive>";
    "guia03.v";
